<?xml version="1.0" encoding="UTF-8"?>
<!-- Generated by org.testng.reporters.JUnitReportReporter -->
<testsuite skipped="0" hostname="Amu" name="test_cases.Login_Tour" tests="1" failures="0" timestamp="05 Oct 2018 07:00:06 GMT" time="25.376" errors="0">
  <testcase name="Login" time="25.376" classname="test_cases.Login_Tour"/>
</testsuite> <!-- test_cases.Login_Tour -->
