<?xml version="1.0" encoding="UTF-8"?>
<!-- Generated by org.testng.reporters.JUnitReportReporter -->
<testsuite skipped="0" hostname="Amu" name="Test_case.CBA" tests="2" failures="0" timestamp="04 Mar 2019 17:51:53 GMT" time="6.787" errors="0">
  <testcase name="Click_Travel_Product" time="5.916" classname="Test_case.CBA"/>
  <testcase name="Verify_Sub_Topics" time="0.871" classname="Test_case.CBA"/>
</testsuite> <!-- Test_case.CBA -->
