<?xml version="1.0" encoding="UTF-8"?>
<!-- Generated by org.testng.reporters.JUnitReportReporter -->
<testsuite skipped="0" hostname="Amu" name="test_cases.LoginSuccessfully" tests="1" failures="0" timestamp="10 Oct 2017 02:36:52 GMT" time="6.445" errors="0">
  <testcase name="Login" time="6.445" classname="test_cases.LoginSuccessfully"/>
</testsuite> <!-- test_cases.LoginSuccessfully -->
